<?xml version="1.0" encoding="UTF-8"?>
<!-- Generated by org.testng.reporters.JUnitReportReporter -->
<testsuite skipped="0" hostname="DESKTOP-4M5U8P1" name="testRunner.TestRunner" tests="1" failures="0" timestamp="07 Apr 2021 06:32:30 GMT" time="44.797" errors="0">
  <testcase name="runScenario" time="44.797" classname="testRunner.TestRunner"/>
</testsuite> <!-- testRunner.TestRunner -->
